{"meta": {"format": 3, "version": "7.10.6", "timestamp": "2025-09-05T09:20:08.574279", "branch_coverage": false, "show_contexts": false}, "files": {"src/__init__.py": {"executed_lines": [], "summary": {"covered_lines": 0, "num_statements": 3, "percent_covered": 0.0, "percent_covered_display": "0", "missing_lines": 3, "excluded_lines": 0}, "missing_lines": [3, 4, 5], "excluded_lines": [], "functions": {"": {"executed_lines": [], "summary": {"covered_lines": 0, "num_statements": 3, "percent_covered": 0.0, "percent_covered_display": "0", "missing_lines": 3, "excluded_lines": 0}, "missing_lines": [3, 4, 5], "excluded_lines": []}}, "classes": {"": {"executed_lines": [], "summary": {"covered_lines": 0, "num_statements": 3, "percent_covered": 0.0, "percent_covered_display": "0", "missing_lines": 3, "excluded_lines": 0}, "missing_lines": [3, 4, 5], "excluded_lines": []}}}, "src/data/__init__.py": {"executed_lines": [1, 3, 5], "summary": {"covered_lines": 2, "num_statements": 2, "percent_covered": 100.0, "percent_covered_display": "100", "missing_lines": 0, "excluded_lines": 0}, "missing_lines": [], "excluded_lines": [], "functions": {"": {"executed_lines": [1, 3, 5], "summary": {"covered_lines": 2, "num_statements": 2, "percent_covered": 100.0, "percent_covered_display": "100", "missing_lines": 0, "excluded_lines": 0}, "missing_lines": [], "excluded_lines": []}}, "classes": {"": {"executed_lines": [1, 3, 5], "summary": {"covered_lines": 2, "num_statements": 2, "percent_covered": 100.0, "percent_covered_display": "100", "missing_lines": 0, "excluded_lines": 0}, "missing_lines": [], "excluded_lines": []}}}, "src/data/processing/__init__.py": {"executed_lines": [1, 7, 8, 10], "summary": {"covered_lines": 3, "num_statements": 3, "percent_covered": 100.0, "percent_covered_display": "100", "missing_lines": 0, "excluded_lines": 0}, "missing_lines": [], "excluded_lines": [], "functions": {"": {"executed_lines": [1, 7, 8, 10], "summary": {"covered_lines": 3, "num_statements": 3, "percent_covered": 100.0, "percent_covered_display": "100", "missing_lines": 0, "excluded_lines": 0}, "missing_lines": [], "excluded_lines": []}}, "classes": {"": {"executed_lines": [1, 7, 8, 10], "summary": {"covered_lines": 3, "num_statements": 3, "percent_covered": 100.0, "percent_covered_display": "100", "missing_lines": 0, "excluded_lines": 0}, "missing_lines": [], "excluded_lines": []}}}, "src/data/processing/document_processor.py": {"executed_lines": [2, 8, 9, 10, 11, 12, 14, 15, 16, 20, 21, 24, 25, 30, 31, 33, 39, 40, 41, 42, 45, 49, 51, 61, 62, 65, 66, 69, 70, 71, 74, 75, 76, 78, 81, 84, 87, 98, 104, 113, 114, 115, 116, 117, 118, 121, 123, 132, 133, 134, 138, 147, 153, 155, 156, 157, 158, 159, 160, 162, 163, 170, 173, 175, 176, 177, 178, 181, 182, 183, 188, 193, 195, 206, 209, 212, 215, 218, 221, 224, 227, 228, 231, 232, 233, 235, 237, 247, 250, 252, 254, 255, 256, 258, 264, 265, 270, 274, 275, 277, 278, 279, 285, 287, 298, 299, 301, 302, 304, 306, 316, 319, 320, 322, 323, 325, 326, 328, 329, 330, 331, 334, 335, 344, 350, 351, 353, 355, 364, 365, 367, 369, 370, 371, 372, 374, 376, 378, 379, 380, 382, 385, 386, 388, 389], "summary": {"covered_lines": 143, "num_statements": 167, "percent_covered": 85.62874251497006, "percent_covered_display": "86", "missing_lines": 24, "excluded_lines": 0}, "missing_lines": [17, 18, 26, 27, 100, 101, 102, 119, 120, 135, 136, 184, 185, 190, 191, 259, 260, 266, 267, 271, 281, 282, 317, 383], "excluded_lines": [], "functions": {"DocumentProcessor.__init__": {"executed_lines": [39, 40, 41, 42, 45, 49], "summary": {"covered_lines": 6, "num_statements": 6, "percent_covered": 100.0, "percent_covered_display": "100", "missing_lines": 0, "excluded_lines": 0}, "missing_lines": [], "excluded_lines": []}, "DocumentProcessor.extract_text_from_html": {"executed_lines": [61, 62, 65, 66, 69, 70, 71, 74, 75, 76, 78, 81, 84, 87, 98], "summary": {"covered_lines": 15, "num_statements": 18, "percent_covered": 83.33333333333333, "percent_covered_display": "83", "missing_lines": 3, "excluded_lines": 0}, "missing_lines": [100, 101, 102], "excluded_lines": []}, "DocumentProcessor._extract_section_from_path": {"executed_lines": [113, 114, 115, 116, 117, 118, 121], "summary": {"covered_lines": 7, "num_statements": 9, "percent_covered": 77.77777777777777, "percent_covered_display": "78", "missing_lines": 2, "excluded_lines": 0}, "missing_lines": [119, 120], "excluded_lines": []}, "DocumentProcessor._serialize_headings": {"executed_lines": [132, 133, 134], "summary": {"covered_lines": 3, "num_statements": 5, "percent_covered": 60.0, "percent_covered_display": "60", "missing_lines": 2, "excluded_lines": 0}, "missing_lines": [135, 136], "excluded_lines": []}, "DocumentProcessor._extract_html_hierarchy": {"executed_lines": [147, 153, 155, 156, 157, 158, 159, 160, 162, 163, 170, 173, 175, 176, 177, 178, 181, 182, 183, 188, 193], "summary": {"covered_lines": 21, "num_statements": 25, "percent_covered": 84.0, "percent_covered_display": "84", "missing_lines": 4, "excluded_lines": 0}, "missing_lines": [184, 185, 190, 191], "excluded_lines": []}, "DocumentProcessor._classify_content_type": {"executed_lines": [206, 209, 212, 215, 218, 221, 224, 227, 228, 231, 232, 233, 235], "summary": {"covered_lines": 13, "num_statements": 13, "percent_covered": 100.0, "percent_covered_display": "100", "missing_lines": 0, "excluded_lines": 0}, "missing_lines": [], "excluded_lines": []}, "DocumentProcessor._path_to_url": {"executed_lines": [247, 250, 252, 254, 255, 256, 258, 264, 265, 270, 274, 275, 277, 278, 279, 285], "summary": {"covered_lines": 16, "num_statements": 23, "percent_covered": 69.56521739130434, "percent_covered_display": "70", "missing_lines": 7, "excluded_lines": 0}, "missing_lines": [259, 260, 266, 267, 271, 281, 282], "excluded_lines": []}, "DocumentProcessor.chunk_text": {"executed_lines": [298, 299, 301, 302, 304], "summary": {"covered_lines": 5, "num_statements": 5, "percent_covered": 100.0, "percent_covered_display": "100", "missing_lines": 0, "excluded_lines": 0}, "missing_lines": [], "excluded_lines": []}, "DocumentProcessor._chunk_text_legacy": {"executed_lines": [316, 319, 320, 322, 323, 325, 326, 328, 329, 330, 331, 334, 335, 344, 350, 351, 353], "summary": {"covered_lines": 17, "num_statements": 18, "percent_covered": 94.44444444444444, "percent_covered_display": "94", "missing_lines": 1, "excluded_lines": 0}, "missing_lines": [317], "excluded_lines": []}, "DocumentProcessor.process_documents": {"executed_lines": [364, 365, 367, 369, 370, 371, 372, 374, 376, 378, 379, 380, 382, 385, 386, 388, 389], "summary": {"covered_lines": 17, "num_statements": 18, "percent_covered": 94.44444444444444, "percent_covered_display": "94", "missing_lines": 1, "excluded_lines": 0}, "missing_lines": [383], "excluded_lines": []}, "": {"executed_lines": [2, 8, 9, 10, 11, 12, 14, 15, 16, 20, 21, 24, 25, 30, 31, 33, 51, 104, 123, 138, 195, 237, 287, 306, 355], "summary": {"covered_lines": 23, "num_statements": 27, "percent_covered": 85.18518518518519, "percent_covered_display": "85", "missing_lines": 4, "excluded_lines": 0}, "missing_lines": [17, 18, 26, 27], "excluded_lines": []}}, "classes": {"DocumentProcessor": {"executed_lines": [39, 40, 41, 42, 45, 49, 61, 62, 65, 66, 69, 70, 71, 74, 75, 76, 78, 81, 84, 87, 98, 113, 114, 115, 116, 117, 118, 121, 132, 133, 134, 147, 153, 155, 156, 157, 158, 159, 160, 162, 163, 170, 173, 175, 176, 177, 178, 181, 182, 183, 188, 193, 206, 209, 212, 215, 218, 221, 224, 227, 228, 231, 232, 233, 235, 247, 250, 252, 254, 255, 256, 258, 264, 265, 270, 274, 275, 277, 278, 279, 285, 298, 299, 301, 302, 304, 316, 319, 320, 322, 323, 325, 326, 328, 329, 330, 331, 334, 335, 344, 350, 351, 353, 364, 365, 367, 369, 370, 371, 372, 374, 376, 378, 379, 380, 382, 385, 386, 388, 389], "summary": {"covered_lines": 120, "num_statements": 140, "percent_covered": 85.71428571428571, "percent_covered_display": "86", "missing_lines": 20, "excluded_lines": 0}, "missing_lines": [100, 101, 102, 119, 120, 135, 136, 184, 185, 190, 191, 259, 260, 266, 267, 271, 281, 282, 317, 383], "excluded_lines": []}, "": {"executed_lines": [2, 8, 9, 10, 11, 12, 14, 15, 16, 20, 21, 24, 25, 30, 31, 33, 51, 104, 123, 138, 195, 237, 287, 306, 355], "summary": {"covered_lines": 23, "num_statements": 27, "percent_covered": 85.18518518518519, "percent_covered_display": "85", "missing_lines": 4, "excluded_lines": 0}, "missing_lines": [17, 18, 26, 27], "excluded_lines": []}}}, "src/data/processing/semantic_chunker.py": {"executed_lines": [2, 10, 11, 12, 13, 14, 16, 17, 18, 20, 22, 23, 24, 27, 28, 37, 38, 39, 40, 41, 42, 43, 44, 47, 48, 49, 50, 51, 52, 53, 54, 55, 56, 59, 60, 62, 68, 71, 75, 78, 81, 82, 83, 85, 143, 144, 145, 146, 149, 151, 153, 154, 162, 164, 166, 170, 172, 175, 176, 177, 178, 179, 182, 185, 190, 193, 194, 195, 198, 202, 205, 209, 212, 216, 218, 220, 222, 225, 226, 228, 230, 231, 233, 239, 241, 242, 244, 246, 247, 249, 251, 252, 253, 256, 260, 261, 262, 264, 265, 266, 269, 270, 272, 274, 278, 279, 281, 282, 283, 284, 285, 286, 289, 291, 292, 297, 299, 309, 310, 313, 314, 316, 319, 321, 322, 323, 325, 327, 329, 332, 333, 335, 336, 340, 342, 344, 345, 347, 348, 349, 351, 353, 356, 359, 364, 365, 367, 368, 369, 370, 371, 372, 375, 377, 379, 380, 390, 395, 398, 399, 402, 407, 410, 411, 412, 413, 414, 415, 417, 419, 420, 422, 424, 425, 427, 428, 432, 433, 434, 436], "summary": {"covered_lines": 176, "num_statements": 196, "percent_covered": 89.79591836734694, "percent_covered_display": "90", "missing_lines": 20, "excluded_lines": 0}, "missing_lines": [19, 29, 30, 31, 32, 33, 34, 72, 156, 157, 158, 159, 160, 167, 235, 236, 237, 238, 294, 295], "excluded_lines": [], "functions": {"SemanticChunker.__init__": {"executed_lines": [68, 71, 75, 78, 81, 82, 83, 85, 143, 144, 145, 146, 149], "summary": {"covered_lines": 13, "num_statements": 14, "percent_covered": 92.85714285714286, "percent_covered_display": "93", "missing_lines": 1, "excluded_lines": 0}, "missing_lines": [72], "excluded_lines": []}, "SemanticChunker._init_nlp_pipeline": {"executed_lines": [153, 154, 162], "summary": {"covered_lines": 3, "num_statements": 8, "percent_covered": 37.5, "percent_covered_display": "38", "missing_lines": 5, "excluded_lines": 0}, "missing_lines": [156, 157, 158, 159, 160], "excluded_lines": []}, "SemanticChunker._count_tokens": {"executed_lines": [166, 170], "summary": {"covered_lines": 2, "num_statements": 3, "percent_covered": 66.66666666666667, "percent_covered_display": "67", "missing_lines": 1, "excluded_lines": 0}, "missing_lines": [167], "excluded_lines": []}, "SemanticChunker._classify_content_type": {"executed_lines": [175, 176, 177, 178, 179, 182, 185, 190, 193, 194, 195, 198, 202, 205, 209, 212, 216, 218], "summary": {"covered_lines": 18, "num_statements": 18, "percent_covered": 100.0, "percent_covered_display": "100", "missing_lines": 0, "excluded_lines": 0}, "missing_lines": [], "excluded_lines": []}, "SemanticChunker._find_semantic_boundaries": {"executed_lines": [222, 225, 226, 228, 230, 231, 233, 239, 241, 242, 244, 246, 247, 249, 251, 252, 253, 256, 260, 261, 262, 264, 265, 266, 269, 270, 272], "summary": {"covered_lines": 27, "num_statements": 31, "percent_covered": 87.09677419354838, "percent_covered_display": "87", "missing_lines": 4, "excluded_lines": 0}, "missing_lines": [235, 236, 237, 238], "excluded_lines": []}, "SemanticChunker._find_optimal_split_point": {"executed_lines": [278, 279, 281, 282, 283, 284, 285, 286, 289, 291, 292, 297], "summary": {"covered_lines": 12, "num_statements": 14, "percent_covered": 85.71428571428571, "percent_covered_display": "86", "missing_lines": 2, "excluded_lines": 0}, "missing_lines": [294, 295], "excluded_lines": []}, "SemanticChunker.chunk_text_semantically": {"executed_lines": [309, 310, 313, 314, 316, 319, 321, 322, 323, 325, 327, 329, 332, 333, 335, 336, 340, 342, 344, 345, 347, 348, 349, 351, 353, 356, 359, 364, 365, 367, 368, 369, 370, 371, 372, 375, 377, 379, 380, 390, 395, 398, 399, 402, 407, 410, 411, 412, 413, 414, 415, 417, 419, 420], "summary": {"covered_lines": 54, "num_statements": 54, "percent_covered": 100.0, "percent_covered_display": "100", "missing_lines": 0, "excluded_lines": 0}, "missing_lines": [], "excluded_lines": []}, "SemanticChunker.get_chunking_stats": {"executed_lines": [424, 425, 427, 428, 432, 433, 434, 436], "summary": {"covered_lines": 8, "num_statements": 8, "percent_covered": 100.0, "percent_covered_display": "100", "missing_lines": 0, "excluded_lines": 0}, "missing_lines": [], "excluded_lines": []}, "": {"executed_lines": [2, 10, 11, 12, 13, 14, 16, 17, 18, 20, 22, 23, 24, 27, 28, 37, 38, 39, 40, 41, 42, 43, 44, 47, 48, 49, 50, 51, 52, 53, 54, 55, 56, 59, 60, 62, 151, 164, 172, 220, 274, 299, 422], "summary": {"covered_lines": 39, "num_statements": 46, "percent_covered": 84.78260869565217, "percent_covered_display": "85", "missing_lines": 7, "excluded_lines": 0}, "missing_lines": [19, 29, 30, 31, 32, 33, 34], "excluded_lines": []}}, "classes": {"ContentType": {"executed_lines": [], "summary": {"covered_lines": 0, "num_statements": 0, "percent_covered": 100.0, "percent_covered_display": "100", "missing_lines": 0, "excluded_lines": 0}, "missing_lines": [], "excluded_lines": []}, "ChunkConfig": {"executed_lines": [], "summary": {"covered_lines": 0, "num_statements": 0, "percent_covered": 100.0, "percent_covered_display": "100", "missing_lines": 0, "excluded_lines": 0}, "missing_lines": [], "excluded_lines": []}, "SemanticChunker": {"executed_lines": [68, 71, 75, 78, 81, 82, 83, 85, 143, 144, 145, 146, 149, 153, 154, 162, 166, 170, 175, 176, 177, 178, 179, 182, 185, 190, 193, 194, 195, 198, 202, 205, 209, 212, 216, 218, 222, 225, 226, 228, 230, 231, 233, 239, 241, 242, 244, 246, 247, 249, 251, 252, 253, 256, 260, 261, 262, 264, 265, 266, 269, 270, 272, 278, 279, 281, 282, 283, 284, 285, 286, 289, 291, 292, 297, 309, 310, 313, 314, 316, 319, 321, 322, 323, 325, 327, 329, 332, 333, 335, 336, 340, 342, 344, 345, 347, 348, 349, 351, 353, 356, 359, 364, 365, 367, 368, 369, 370, 371, 372, 375, 377, 379, 380, 390, 395, 398, 399, 402, 407, 410, 411, 412, 413, 414, 415, 417, 419, 420, 424, 425, 427, 428, 432, 433, 434, 436], "summary": {"covered_lines": 137, "num_statements": 150, "percent_covered": 91.33333333333333, "percent_covered_display": "91", "missing_lines": 13, "excluded_lines": 0}, "missing_lines": [72, 156, 157, 158, 159, 160, 167, 235, 236, 237, 238, 294, 295], "excluded_lines": []}, "": {"executed_lines": [2, 10, 11, 12, 13, 14, 16, 17, 18, 20, 22, 23, 24, 27, 28, 37, 38, 39, 40, 41, 42, 43, 44, 47, 48, 49, 50, 51, 52, 53, 54, 55, 56, 59, 60, 62, 151, 164, 172, 220, 274, 299, 422], "summary": {"covered_lines": 39, "num_statements": 46, "percent_covered": 84.78260869565217, "percent_covered_display": "85", "missing_lines": 7, "excluded_lines": 0}, "missing_lines": [19, 29, 30, 31, 32, 33, 34], "excluded_lines": []}}}, "src/data/processing/text_cleaner.py": {"executed_lines": [2, 9, 10, 11, 12, 15, 16, 18, 22, 54, 55, 56, 59, 60, 61, 64, 66, 75, 76, 79, 82, 85, 88, 91, 93, 95, 104, 106, 109, 120, 126, 128, 137, 138, 140, 142, 151, 154, 159, 161, 171, 174, 176, 178, 188, 190, 191, 192, 195, 196, 197, 200, 201, 202, 205, 211, 214, 217, 220, 221, 223, 225, 234, 246, 247, 248, 249, 256, 257, 258, 261, 262, 263, 264, 265, 269, 271, 280, 282, 292], "summary": {"covered_lines": 78, "num_statements": 94, "percent_covered": 82.97872340425532, "percent_covered_display": "83", "missing_lines": 16, "excluded_lines": 0}, "missing_lines": [110, 111, 112, 113, 114, 115, 116, 117, 118, 122, 124, 155, 157, 215, 266, 267], "excluded_lines": [], "functions": {"TextCleaner.__init__": {"executed_lines": [22, 54, 55, 56, 59, 60, 61, 64], "summary": {"covered_lines": 8, "num_statements": 8, "percent_covered": 100.0, "percent_covered_display": "100", "missing_lines": 0, "excluded_lines": 0}, "missing_lines": [], "excluded_lines": []}, "TextCleaner.clean_text": {"executed_lines": [75, 76, 79, 82, 85, 88, 91, 93], "summary": {"covered_lines": 8, "num_statements": 8, "percent_covered": 100.0, "percent_covered_display": "100", "missing_lines": 0, "excluded_lines": 0}, "missing_lines": [], "excluded_lines": []}, "TextCleaner._decode_html_entities": {"executed_lines": [104, 106, 109, 120, 126], "summary": {"covered_lines": 5, "num_statements": 7, "percent_covered": 71.42857142857143, "percent_covered_display": "71", "missing_lines": 2, "excluded_lines": 0}, "missing_lines": [122, 124], "excluded_lines": []}, "TextCleaner._decode_html_entities.decode_numeric_entity": {"executed_lines": [], "summary": {"covered_lines": 0, "num_statements": 9, "percent_covered": 0.0, "percent_covered_display": "0", "missing_lines": 9, "excluded_lines": 0}, "missing_lines": [110, 111, 112, 113, 114, 115, 116, 117, 118], "excluded_lines": []}, "TextCleaner._fix_encoding_artifacts": {"executed_lines": [137, 138, 140], "summary": {"covered_lines": 3, "num_statements": 3, "percent_covered": 100.0, "percent_covered_display": "100", "missing_lines": 0, "excluded_lines": 0}, "missing_lines": [], "excluded_lines": []}, "TextCleaner._normalize_unicode": {"executed_lines": [151, 154, 159], "summary": {"covered_lines": 3, "num_statements": 5, "percent_covered": 60.0, "percent_covered_display": "60", "missing_lines": 2, "excluded_lines": 0}, "missing_lines": [155, 157], "excluded_lines": []}, "TextCleaner._normalize_whitespace": {"executed_lines": [171, 174, 176], "summary": {"covered_lines": 3, "num_statements": 3, "percent_covered": 100.0, "percent_covered_display": "100", "missing_lines": 0, "excluded_lines": 0}, "missing_lines": [], "excluded_lines": []}, "TextCleaner._clean_special_characters": {"executed_lines": [188, 190, 195, 196, 197, 200, 201, 202, 205, 211, 214, 217, 220, 221, 223], "summary": {"covered_lines": 15, "num_statements": 16, "percent_covered": 93.75, "percent_covered_display": "94", "missing_lines": 1, "excluded_lines": 0}, "missing_lines": [215], "excluded_lines": []}, "TextCleaner._clean_special_characters.preserve_block": {"executed_lines": [191, 192], "summary": {"covered_lines": 2, "num_statements": 2, "percent_covered": 100.0, "percent_covered_display": "100", "missing_lines": 0, "excluded_lines": 0}, "missing_lines": [], "excluded_lines": []}, "TextCleaner.analyze_text_issues": {"executed_lines": [234, 246, 247, 248, 249, 256, 257, 258, 261, 262, 263, 264, 265, 269], "summary": {"covered_lines": 14, "num_statements": 16, "percent_covered": 87.5, "percent_covered_display": "88", "missing_lines": 2, "excluded_lines": 0}, "missing_lines": [266, 267], "excluded_lines": []}, "TextCleaner.clean_batch": {"executed_lines": [280], "summary": {"covered_lines": 1, "num_statements": 1, "percent_covered": 100.0, "percent_covered_display": "100", "missing_lines": 0, "excluded_lines": 0}, "missing_lines": [], "excluded_lines": []}, "TextCleaner.get_cleaning_stats": {"executed_lines": [292], "summary": {"covered_lines": 1, "num_statements": 1, "percent_covered": 100.0, "percent_covered_display": "100", "missing_lines": 0, "excluded_lines": 0}, "missing_lines": [], "excluded_lines": []}, "": {"executed_lines": [2, 9, 10, 11, 12, 15, 16, 18, 66, 95, 128, 142, 161, 178, 225, 271, 282], "summary": {"covered_lines": 15, "num_statements": 15, "percent_covered": 100.0, "percent_covered_display": "100", "missing_lines": 0, "excluded_lines": 0}, "missing_lines": [], "excluded_lines": []}}, "classes": {"TextCleaner": {"executed_lines": [22, 54, 55, 56, 59, 60, 61, 64, 75, 76, 79, 82, 85, 88, 91, 93, 104, 106, 109, 120, 126, 137, 138, 140, 151, 154, 159, 171, 174, 176, 188, 190, 191, 192, 195, 196, 197, 200, 201, 202, 205, 211, 214, 217, 220, 221, 223, 234, 246, 247, 248, 249, 256, 257, 258, 261, 262, 263, 264, 265, 269, 280, 292], "summary": {"covered_lines": 63, "num_statements": 79, "percent_covered": 79.74683544303798, "percent_covered_display": "80", "missing_lines": 16, "excluded_lines": 0}, "missing_lines": [110, 111, 112, 113, 114, 115, 116, 117, 118, 122, 124, 155, 157, 215, 266, 267], "excluded_lines": []}, "": {"executed_lines": [2, 9, 10, 11, 12, 15, 16, 18, 66, 95, 128, 142, 161, 178, 225, 271, 282], "summary": {"covered_lines": 15, "num_statements": 15, "percent_covered": 100.0, "percent_covered_display": "100", "missing_lines": 0, "excluded_lines": 0}, "missing_lines": [], "excluded_lines": []}}}, "src/data/processing/vector_builder.py": {"executed_lines": [2, 9, 10, 11, 12, 14, 17, 18, 19, 20, 23, 24, 26, 33, 34, 37, 38, 39, 42, 46, 48, 60, 67, 69, 70, 71, 79, 80, 83, 84, 86, 87, 90, 91, 92, 95, 98, 106, 107, 108, 113, 122, 123, 125, 134, 136, 142], "summary": {"covered_lines": 45, "num_statements": 46, "percent_covered": 97.82608695652173, "percent_covered_display": "98", "missing_lines": 1, "excluded_lines": 0}, "missing_lines": [110], "excluded_lines": [], "functions": {"VectorDBBuilder.__init__": {"executed_lines": [33, 34, 37, 38, 39, 42, 46], "summary": {"covered_lines": 7, "num_statements": 7, "percent_covered": 100.0, "percent_covered_display": "100", "missing_lines": 0, "excluded_lines": 0}, "missing_lines": [], "excluded_lines": []}, "VectorDBBuilder.build_collection": {"executed_lines": [60, 67, 69, 70, 71, 79, 80, 83, 84, 86, 87, 90, 91, 92, 95, 98, 106, 107, 108, 113, 122, 123], "summary": {"covered_lines": 22, "num_statements": 23, "percent_covered": 95.65217391304348, "percent_covered_display": "96", "missing_lines": 1, "excluded_lines": 0}, "missing_lines": [110], "excluded_lines": []}, "VectorDBBuilder.get_collection_info": {"executed_lines": [134], "summary": {"covered_lines": 1, "num_statements": 1, "percent_covered": 100.0, "percent_covered_display": "100", "missing_lines": 0, "excluded_lines": 0}, "missing_lines": [], "excluded_lines": []}, "VectorDBBuilder.list_collections": {"executed_lines": [142], "summary": {"covered_lines": 1, "num_statements": 1, "percent_covered": 100.0, "percent_covered_display": "100", "missing_lines": 0, "excluded_lines": 0}, "missing_lines": [], "excluded_lines": []}, "": {"executed_lines": [2, 9, 10, 11, 12, 14, 17, 18, 19, 20, 23, 24, 26, 48, 125, 136], "summary": {"covered_lines": 14, "num_statements": 14, "percent_covered": 100.0, "percent_covered_display": "100", "missing_lines": 0, "excluded_lines": 0}, "missing_lines": [], "excluded_lines": []}}, "classes": {"VectorDBBuilder": {"executed_lines": [33, 34, 37, 38, 39, 42, 46, 60, 67, 69, 70, 71, 79, 80, 83, 84, 86, 87, 90, 91, 92, 95, 98, 106, 107, 108, 113, 122, 123, 134, 142], "summary": {"covered_lines": 31, "num_statements": 32, "percent_covered": 96.875, "percent_covered_display": "97", "missing_lines": 1, "excluded_lines": 0}, "missing_lines": [110], "excluded_lines": []}, "": {"executed_lines": [2, 9, 10, 11, 12, 14, 17, 18, 19, 20, 23, 24, 26, 48, 125, 136], "summary": {"covered_lines": 14, "num_statements": 14, "percent_covered": 100.0, "percent_covered_display": "100", "missing_lines": 0, "excluded_lines": 0}, "missing_lines": [], "excluded_lines": []}}}, "src/interface/__init__.py": {"executed_lines": [], "summary": {"covered_lines": 0, "num_statements": 0, "percent_covered": 100.0, "percent_covered_display": "100", "missing_lines": 0, "excluded_lines": 0}, "missing_lines": [], "excluded_lines": [], "functions": {"": {"executed_lines": [], "summary": {"covered_lines": 0, "num_statements": 0, "percent_covered": 100.0, "percent_covered_display": "100", "missing_lines": 0, "excluded_lines": 0}, "missing_lines": [], "excluded_lines": []}}, "classes": {"": {"executed_lines": [], "summary": {"covered_lines": 0, "num_statements": 0, "percent_covered": 100.0, "percent_covered_display": "100", "missing_lines": 0, "excluded_lines": 0}, "missing_lines": [], "excluded_lines": []}}}, "src/interface/streamlit_app.py": {"executed_lines": [], "summary": {"covered_lines": 0, "num_statements": 125, "percent_covered": 0.0, "percent_covered_display": "0", "missing_lines": 125, "excluded_lines": 0}, "missing_lines": [8, 9, 10, 11, 12, 13, 16, 17, 18, 19, 20, 23, 25, 26, 28, 29, 31, 32, 35, 37, 38, 39, 40, 41, 42, 43, 44, 46, 48, 49, 50, 51, 54, 56, 57, 58, 59, 62, 64, 65, 72, 74, 81, 83, 84, 87, 89, 90, 93, 94, 95, 97, 100, 103, 104, 106, 107, 108, 109, 110, 111, 113, 116, 117, 118, 120, 121, 122, 123, 126, 127, 135, 136, 137, 138, 141, 142, 156, 159, 167, 170, 173, 174, 177, 179, 180, 181, 184, 186, 188, 191, 193, 194, 197, 198, 199, 201, 202, 203, 204, 216, 219, 221, 224, 225, 228, 229, 230, 231, 232, 234, 235, 238, 241, 242, 243, 245, 246, 247, 248, 249, 252, 253, 262, 263], "excluded_lines": [], "functions": {"initialize_session_state": {"executed_lines": [], "summary": {"covered_lines": 0, "num_statements": 6, "percent_covered": 0.0, "percent_covered_display": "0", "missing_lines": 6, "excluded_lines": 0}, "missing_lines": [25, 26, 28, 29, 31, 32], "excluded_lines": []}, "setup_rag_system": {"executed_lines": [], "summary": {"covered_lines": 0, "num_statements": 13, "percent_covered": 0.0, "percent_covered_display": "0", "missing_lines": 13, "excluded_lines": 0}, "missing_lines": [37, 38, 39, 40, 41, 42, 43, 44, 46, 48, 49, 50, 51], "excluded_lines": []}, "display_message": {"executed_lines": [], "summary": {"covered_lines": 0, "num_statements": 4, "percent_covered": 0.0, "percent_covered_display": "0", "missing_lines": 4, "excluded_lines": 0}, "missing_lines": [56, 57, 58, 59], "excluded_lines": []}, "display_chat_history": {"executed_lines": [], "summary": {"covered_lines": 0, "num_statements": 2, "percent_covered": 0.0, "percent_covered_display": "0", "missing_lines": 2, "excluded_lines": 0}, "missing_lines": [64, 65], "excluded_lines": []}, "add_message": {"executed_lines": [], "summary": {"covered_lines": 0, "num_statements": 1, "percent_covered": 0.0, "percent_covered_display": "0", "missing_lines": 1, "excluded_lines": 0}, "missing_lines": [74], "excluded_lines": []}, "clear_chat": {"executed_lines": [], "summary": {"covered_lines": 0, "num_statements": 2, "percent_covered": 0.0, "percent_covered_display": "0", "missing_lines": 2, "excluded_lines": 0}, "missing_lines": [83, 84], "excluded_lines": []}, "create_sidebar": {"executed_lines": [], "summary": {"covered_lines": 0, "num_statements": 31, "percent_covered": 0.0, "percent_covered_display": "0", "missing_lines": 31, "excluded_lines": 0}, "missing_lines": [89, 90, 93, 94, 95, 97, 100, 103, 104, 106, 107, 108, 109, 110, 111, 113, 116, 117, 118, 120, 121, 122, 123, 126, 127, 135, 136, 137, 138, 141, 142], "excluded_lines": []}, "main": {"executed_lines": [], "summary": {"covered_lines": 0, "num_statements": 45, "percent_covered": 0.0, "percent_covered_display": "0", "missing_lines": 45, "excluded_lines": 0}, "missing_lines": [159, 167, 170, 173, 174, 177, 179, 180, 181, 184, 186, 188, 191, 193, 194, 197, 198, 199, 201, 202, 203, 204, 216, 219, 221, 224, 225, 228, 229, 230, 231, 232, 234, 235, 238, 241, 242, 243, 245, 246, 247, 248, 249, 252, 253], "excluded_lines": []}, "": {"executed_lines": [], "summary": {"covered_lines": 0, "num_statements": 21, "percent_covered": 0.0, "percent_covered_display": "0", "missing_lines": 21, "excluded_lines": 0}, "missing_lines": [8, 9, 10, 11, 12, 13, 16, 17, 18, 19, 20, 23, 35, 54, 62, 72, 81, 87, 156, 262, 263], "excluded_lines": []}}, "classes": {"": {"executed_lines": [], "summary": {"covered_lines": 0, "num_statements": 125, "percent_covered": 0.0, "percent_covered_display": "0", "missing_lines": 125, "excluded_lines": 0}, "missing_lines": [8, 9, 10, 11, 12, 13, 16, 17, 18, 19, 20, 23, 25, 26, 28, 29, 31, 32, 35, 37, 38, 39, 40, 41, 42, 43, 44, 46, 48, 49, 50, 51, 54, 56, 57, 58, 59, 62, 64, 65, 72, 74, 81, 83, 84, 87, 89, 90, 93, 94, 95, 97, 100, 103, 104, 106, 107, 108, 109, 110, 111, 113, 116, 117, 118, 120, 121, 122, 123, 126, 127, 135, 136, 137, 138, 141, 142, 156, 159, 167, 170, 173, 174, 177, 179, 180, 181, 184, 186, 188, 191, 193, 194, 197, 198, 199, 201, 202, 203, 204, 216, 219, 221, 224, 225, 228, 229, 230, 231, 232, 234, 235, 238, 241, 242, 243, 245, 246, 247, 248, 249, 252, 253, 262, 263], "excluded_lines": []}}}, "src/rag/__init__.py": {"executed_lines": [1], "summary": {"covered_lines": 0, "num_statements": 0, "percent_covered": 100.0, "percent_covered_display": "100", "missing_lines": 0, "excluded_lines": 0}, "missing_lines": [], "excluded_lines": [], "functions": {"": {"executed_lines": [1], "summary": {"covered_lines": 0, "num_statements": 0, "percent_covered": 100.0, "percent_covered_display": "100", "missing_lines": 0, "excluded_lines": 0}, "missing_lines": [], "excluded_lines": []}}, "classes": {"": {"executed_lines": [1], "summary": {"covered_lines": 0, "num_statements": 0, "percent_covered": 100.0, "percent_covered_display": "100", "missing_lines": 0, "excluded_lines": 0}, "missing_lines": [], "excluded_lines": []}}}, "src/rag/llms/__init__.py": {"executed_lines": [0], "summary": {"covered_lines": 0, "num_statements": 0, "percent_covered": 100.0, "percent_covered_display": "100", "missing_lines": 0, "excluded_lines": 0}, "missing_lines": [], "excluded_lines": [], "functions": {"": {"executed_lines": [], "summary": {"covered_lines": 0, "num_statements": 0, "percent_covered": 100.0, "percent_covered_display": "100", "missing_lines": 0, "excluded_lines": 0}, "missing_lines": [], "excluded_lines": []}}, "classes": {"": {"executed_lines": [], "summary": {"covered_lines": 0, "num_statements": 0, "percent_covered": 100.0, "percent_covered_display": "100", "missing_lines": 0, "excluded_lines": 0}, "missing_lines": [], "excluded_lines": []}}}, "src/rag/llms/groq_llm.py": {"executed_lines": [1, 2, 3, 4, 9, 12, 13, 20, 22, 23, 25, 39, 41, 47, 50, 51, 53, 54, 56, 57], "summary": {"covered_lines": 19, "num_statements": 19, "percent_covered": 100.0, "percent_covered_display": "100", "missing_lines": 0, "excluded_lines": 0}, "missing_lines": [], "excluded_lines": [], "functions": {"GroqLLM.__init__": {"executed_lines": [22, 23], "summary": {"covered_lines": 2, "num_statements": 2, "percent_covered": 100.0, "percent_covered_display": "100", "missing_lines": 0, "excluded_lines": 0}, "missing_lines": [], "excluded_lines": []}, "GroqLLM.invoke": {"executed_lines": [39, 41, 47, 50, 51, 53, 54, 56, 57], "summary": {"covered_lines": 9, "num_statements": 9, "percent_covered": 100.0, "percent_covered_display": "100", "missing_lines": 0, "excluded_lines": 0}, "missing_lines": [], "excluded_lines": []}, "": {"executed_lines": [1, 2, 3, 4, 9, 12, 13, 20, 25], "summary": {"covered_lines": 8, "num_statements": 8, "percent_covered": 100.0, "percent_covered_display": "100", "missing_lines": 0, "excluded_lines": 0}, "missing_lines": [], "excluded_lines": []}}, "classes": {"GroqLLM": {"executed_lines": [22, 23, 39, 41, 47, 50, 51, 53, 54, 56, 57], "summary": {"covered_lines": 11, "num_statements": 11, "percent_covered": 100.0, "percent_covered_display": "100", "missing_lines": 0, "excluded_lines": 0}, "missing_lines": [], "excluded_lines": []}, "": {"executed_lines": [1, 2, 3, 4, 9, 12, 13, 20, 25], "summary": {"covered_lines": 8, "num_statements": 8, "percent_covered": 100.0, "percent_covered_display": "100", "missing_lines": 0, "excluded_lines": 0}, "missing_lines": [], "excluded_lines": []}}}, "src/rag/llms/openai_llm.py": {"executed_lines": [1, 2, 3, 4, 10, 13, 14, 21, 23, 29, 31, 45, 47, 53, 56, 57, 59, 60, 62, 63], "summary": {"covered_lines": 19, "num_statements": 19, "percent_covered": 100.0, "percent_covered_display": "100", "missing_lines": 0, "excluded_lines": 0}, "missing_lines": [], "excluded_lines": [], "functions": {"OpenAILLM.__init__": {"executed_lines": [23, 29], "summary": {"covered_lines": 2, "num_statements": 2, "percent_covered": 100.0, "percent_covered_display": "100", "missing_lines": 0, "excluded_lines": 0}, "missing_lines": [], "excluded_lines": []}, "OpenAILLM.invoke": {"executed_lines": [45, 47, 53, 56, 57, 59, 60, 62, 63], "summary": {"covered_lines": 9, "num_statements": 9, "percent_covered": 100.0, "percent_covered_display": "100", "missing_lines": 0, "excluded_lines": 0}, "missing_lines": [], "excluded_lines": []}, "": {"executed_lines": [1, 2, 3, 4, 10, 13, 14, 21, 31], "summary": {"covered_lines": 8, "num_statements": 8, "percent_covered": 100.0, "percent_covered_display": "100", "missing_lines": 0, "excluded_lines": 0}, "missing_lines": [], "excluded_lines": []}}, "classes": {"OpenAILLM": {"executed_lines": [23, 29, 45, 47, 53, 56, 57, 59, 60, 62, 63], "summary": {"covered_lines": 11, "num_statements": 11, "percent_covered": 100.0, "percent_covered_display": "100", "missing_lines": 0, "excluded_lines": 0}, "missing_lines": [], "excluded_lines": []}, "": {"executed_lines": [1, 2, 3, 4, 10, 13, 14, 21, 31], "summary": {"covered_lines": 8, "num_statements": 8, "percent_covered": 100.0, "percent_covered_display": "100", "missing_lines": 0, "excluded_lines": 0}, "missing_lines": [], "excluded_lines": []}}}, "src/rag/prompts.py": {"executed_lines": [1, 3], "summary": {"covered_lines": 2, "num_statements": 2, "percent_covered": 100.0, "percent_covered_display": "100", "missing_lines": 0, "excluded_lines": 0}, "missing_lines": [], "excluded_lines": [], "functions": {"": {"executed_lines": [1, 3], "summary": {"covered_lines": 2, "num_statements": 2, "percent_covered": 100.0, "percent_covered_display": "100", "missing_lines": 0, "excluded_lines": 0}, "missing_lines": [], "excluded_lines": []}}, "classes": {"": {"executed_lines": [1, 3], "summary": {"covered_lines": 2, "num_statements": 2, "percent_covered": 100.0, "percent_covered_display": "100", "missing_lines": 0, "excluded_lines": 0}, "missing_lines": [], "excluded_lines": []}}}, "src/rag/rag.py": {"executed_lines": [1, 2, 3, 4, 5, 6, 17, 18, 19, 22, 23, 24, 25, 27, 28, 31, 34, 35, 42, 47, 54, 57, 58, 59, 60, 61, 64, 65, 67, 69, 70, 71, 75, 76, 77, 79, 80, 81, 82, 87, 88, 89, 94, 96, 106, 107, 109, 111, 113, 114, 115, 118, 119, 121, 125, 126, 127, 129, 131, 141, 142, 144, 146, 148, 149, 150, 153, 154, 156, 157, 160, 163, 165, 168, 170, 172, 183, 184, 185, 188, 191, 194, 195, 197, 198, 201, 202, 204, 207, 210, 212, 213, 215, 218, 221, 222, 224, 226, 227, 228, 229, 230, 231, 233, 235, 237, 242, 243, 244, 245, 249, 250, 254, 255, 256, 258], "summary": {"covered_lines": 114, "num_statements": 120, "percent_covered": 95.0, "percent_covered_display": "95", "missing_lines": 6, "excluded_lines": 0}, "missing_lines": [20, 91, 120, 122, 161, 166], "excluded_lines": [], "functions": {"DummyLLM.invoke": {"executed_lines": [], "summary": {"covered_lines": 0, "num_statements": 1, "percent_covered": 0.0, "percent_covered_display": "0", "missing_lines": 1, "excluded_lines": 0}, "missing_lines": [20], "excluded_lines": []}, "BlenderAssistantRAG.__init__": {"executed_lines": [47, 54, 57, 58, 59, 60, 61, 64, 65], "summary": {"covered_lines": 9, "num_statements": 9, "percent_covered": 100.0, "percent_covered_display": "100", "missing_lines": 0, "excluded_lines": 0}, "missing_lines": [], "excluded_lines": []}, "BlenderAssistantRAG._init_memory": {"executed_lines": [69, 70, 71, 75, 76, 77, 79, 80, 81, 82, 87, 88, 89, 94], "summary": {"covered_lines": 14, "num_statements": 15, "percent_covered": 93.33333333333333, "percent_covered_display": "93", "missing_lines": 1, "excluded_lines": 0}, "missing_lines": [91], "excluded_lines": []}, "BlenderAssistantRAG._format_context": {"executed_lines": [106, 107, 109, 111, 113, 114, 115, 118, 119, 121, 125, 126, 127, 129], "summary": {"covered_lines": 14, "num_statements": 16, "percent_covered": 87.5, "percent_covered_display": "88", "missing_lines": 2, "excluded_lines": 0}, "missing_lines": [120, 122], "excluded_lines": []}, "BlenderAssistantRAG._format_citations": {"executed_lines": [141, 142, 144, 146, 148, 149, 150, 153, 154, 156, 157, 160, 163, 165, 168, 170], "summary": {"covered_lines": 16, "num_statements": 18, "percent_covered": 88.88888888888889, "percent_covered_display": "89", "missing_lines": 2, "excluded_lines": 0}, "missing_lines": [161, 166], "excluded_lines": []}, "BlenderAssistantRAG.handle_query": {"executed_lines": [183, 184, 185, 188, 191, 194, 195, 197, 198, 201, 202, 204, 207, 210, 212, 213, 215, 218, 221, 222], "summary": {"covered_lines": 20, "num_statements": 20, "percent_covered": 100.0, "percent_covered_display": "100", "missing_lines": 0, "excluded_lines": 0}, "missing_lines": [], "excluded_lines": []}, "BlenderAssistantRAG.clear_memory": {"executed_lines": [226, 227, 228, 229, 230, 231, 233], "summary": {"covered_lines": 7, "num_statements": 7, "percent_covered": 100.0, "percent_covered_display": "100", "missing_lines": 0, "excluded_lines": 0}, "missing_lines": [], "excluded_lines": []}, "BlenderAssistantRAG.get_memory_info": {"executed_lines": [237, 242, 243, 244, 245, 249, 250, 254, 255, 256, 258], "summary": {"covered_lines": 11, "num_statements": 11, "percent_covered": 100.0, "percent_covered_display": "100", "missing_lines": 0, "excluded_lines": 0}, "missing_lines": [], "excluded_lines": []}, "": {"executed_lines": [1, 2, 3, 4, 5, 6, 17, 18, 19, 22, 23, 24, 25, 27, 28, 31, 34, 35, 42, 67, 96, 131, 172, 224, 235], "summary": {"covered_lines": 23, "num_statements": 23, "percent_covered": 100.0, "percent_covered_display": "100", "missing_lines": 0, "excluded_lines": 0}, "missing_lines": [], "excluded_lines": []}}, "classes": {"DummyLLM": {"executed_lines": [], "summary": {"covered_lines": 0, "num_statements": 1, "percent_covered": 0.0, "percent_covered_display": "0", "missing_lines": 1, "excluded_lines": 0}, "missing_lines": [20], "excluded_lines": []}, "BlenderAssistantRAG": {"executed_lines": [47, 54, 57, 58, 59, 60, 61, 64, 65, 69, 70, 71, 75, 76, 77, 79, 80, 81, 82, 87, 88, 89, 94, 106, 107, 109, 111, 113, 114, 115, 118, 119, 121, 125, 126, 127, 129, 141, 142, 144, 146, 148, 149, 150, 153, 154, 156, 157, 160, 163, 165, 168, 170, 183, 184, 185, 188, 191, 194, 195, 197, 198, 201, 202, 204, 207, 210, 212, 213, 215, 218, 221, 222, 226, 227, 228, 229, 230, 231, 233, 237, 242, 243, 244, 245, 249, 250, 254, 255, 256, 258], "summary": {"covered_lines": 91, "num_statements": 96, "percent_covered": 94.79166666666667, "percent_covered_display": "95", "missing_lines": 5, "excluded_lines": 0}, "missing_lines": [91, 120, 122, 161, 166], "excluded_lines": []}, "": {"executed_lines": [1, 2, 3, 4, 5, 6, 17, 18, 19, 22, 23, 24, 25, 27, 28, 31, 34, 35, 42, 67, 96, 131, 172, 224, 235], "summary": {"covered_lines": 23, "num_statements": 23, "percent_covered": 100.0, "percent_covered_display": "100", "missing_lines": 0, "excluded_lines": 0}, "missing_lines": [], "excluded_lines": []}}}, "src/retrieval/__init__.py": {"executed_lines": [1, 7, 8, 9, 11], "summary": {"covered_lines": 4, "num_statements": 4, "percent_covered": 100.0, "percent_covered_display": "100", "missing_lines": 0, "excluded_lines": 0}, "missing_lines": [], "excluded_lines": [], "functions": {"": {"executed_lines": [1, 7, 8, 9, 11], "summary": {"covered_lines": 4, "num_statements": 4, "percent_covered": 100.0, "percent_covered_display": "100", "missing_lines": 0, "excluded_lines": 0}, "missing_lines": [], "excluded_lines": []}}, "classes": {"": {"executed_lines": [1, 7, 8, 9, 11], "summary": {"covered_lines": 4, "num_statements": 4, "percent_covered": 100.0, "percent_covered_display": "100", "missing_lines": 0, "excluded_lines": 0}, "missing_lines": [], "excluded_lines": []}}}, "src/retrieval/embeddings.py": {"executed_lines": [2, 9, 10, 11, 13, 14, 15, 20, 21, 23, 30, 31, 32, 33, 35, 44, 45, 47, 48, 50, 60, 61, 64, 65, 66, 67, 68, 69, 71, 72, 75, 76, 83, 86, 87, 88, 91, 93, 99, 101, 107], "summary": {"covered_lines": 39, "num_statements": 41, "percent_covered": 95.1219512195122, "percent_covered_display": "95", "missing_lines": 2, "excluded_lines": 0}, "missing_lines": [16, 17], "excluded_lines": [], "functions": {"EmbeddingGenerator.__init__": {"executed_lines": [30, 31, 32, 33], "summary": {"covered_lines": 4, "num_statements": 4, "percent_covered": 100.0, "percent_covered_display": "100", "missing_lines": 0, "excluded_lines": 0}, "missing_lines": [], "excluded_lines": []}, "EmbeddingGenerator.encode_single": {"executed_lines": [44, 45, 47, 48], "summary": {"covered_lines": 4, "num_statements": 4, "percent_covered": 100.0, "percent_covered_display": "100", "missing_lines": 0, "excluded_lines": 0}, "missing_lines": [], "excluded_lines": []}, "EmbeddingGenerator.encode_batch": {"executed_lines": [60, 61, 64, 65, 66, 67, 68, 69, 71, 72, 75, 76, 83, 86, 87, 88, 91], "summary": {"covered_lines": 17, "num_statements": 17, "percent_covered": 100.0, "percent_covered_display": "100", "missing_lines": 0, "excluded_lines": 0}, "missing_lines": [], "excluded_lines": []}, "EmbeddingGenerator.get_embedding_dimension": {"executed_lines": [99], "summary": {"covered_lines": 1, "num_statements": 1, "percent_covered": 100.0, "percent_covered_display": "100", "missing_lines": 0, "excluded_lines": 0}, "missing_lines": [], "excluded_lines": []}, "EmbeddingGenerator.get_model_info": {"executed_lines": [107], "summary": {"covered_lines": 1, "num_statements": 1, "percent_covered": 100.0, "percent_covered_display": "100", "missing_lines": 0, "excluded_lines": 0}, "missing_lines": [], "excluded_lines": []}, "": {"executed_lines": [2, 9, 10, 11, 13, 14, 15, 20, 21, 23, 35, 50, 93, 101], "summary": {"covered_lines": 12, "num_statements": 14, "percent_covered": 85.71428571428571, "percent_covered_display": "86", "missing_lines": 2, "excluded_lines": 0}, "missing_lines": [16, 17], "excluded_lines": []}}, "classes": {"EmbeddingGenerator": {"executed_lines": [30, 31, 32, 33, 44, 45, 47, 48, 60, 61, 64, 65, 66, 67, 68, 69, 71, 72, 75, 76, 83, 86, 87, 88, 91, 99, 107], "summary": {"covered_lines": 27, "num_statements": 27, "percent_covered": 100.0, "percent_covered_display": "100", "missing_lines": 0, "excluded_lines": 0}, "missing_lines": [], "excluded_lines": []}, "": {"executed_lines": [2, 9, 10, 11, 13, 14, 15, 20, 21, 23, 35, 50, 93, 101], "summary": {"covered_lines": 12, "num_statements": 14, "percent_covered": 85.71428571428571, "percent_covered_display": "86", "missing_lines": 2, "excluded_lines": 0}, "missing_lines": [16, 17], "excluded_lines": []}}}, "src/retrieval/retriever.py": {"executed_lines": [2, 10, 11, 12, 13, 15, 22, 23, 26, 27, 28, 29, 30, 31, 34, 35, 37, 48, 49, 52, 53, 56, 57, 59, 61, 62, 63, 64, 65, 67, 85, 86, 88, 90, 92, 95, 103, 104, 107, 108, 109, 110, 112, 114, 116, 117, 123, 124, 126, 127, 128, 130, 147, 149, 150, 155, 157, 171, 173, 175, 178, 186, 187, 190, 191, 192, 194, 195, 201, 203, 204, 205, 207, 223, 225, 227, 228, 229, 230, 231, 232, 233, 235, 237, 243, 244, 246, 254, 263, 264, 265, 266, 268, 269, 271, 277, 283, 284, 287, 288, 289, 290, 291, 292, 295, 296, 297, 298, 299, 300, 302, 303, 305], "summary": {"covered_lines": 110, "num_statements": 110, "percent_covered": 100.0, "percent_covered_display": "100", "missing_lines": 0, "excluded_lines": 0}, "missing_lines": [], "excluded_lines": [], "functions": {"SemanticRetriever.__init__": {"executed_lines": [48, 49, 52, 53, 56, 57], "summary": {"covered_lines": 6, "num_statements": 6, "percent_covered": 100.0, "percent_covered_display": "100", "missing_lines": 0, "excluded_lines": 0}, "missing_lines": [], "excluded_lines": []}, "SemanticRetriever._validate_collection": {"executed_lines": [61, 62, 63, 64, 65], "summary": {"covered_lines": 5, "num_statements": 5, "percent_covered": 100.0, "percent_covered_display": "100", "missing_lines": 0, "excluded_lines": 0}, "missing_lines": [], "excluded_lines": []}, "SemanticRetriever.retrieve": {"executed_lines": [85, 86, 88, 90, 92, 95, 103, 104, 107, 108, 109, 110, 112, 114, 116, 117, 123, 124, 126, 127, 128], "summary": {"covered_lines": 21, "num_statements": 21, "percent_covered": 100.0, "percent_covered_display": "100", "missing_lines": 0, "excluded_lines": 0}, "missing_lines": [], "excluded_lines": []}, "SemanticRetriever.retrieve_with_context": {"executed_lines": [147, 149, 150, 155], "summary": {"covered_lines": 4, "num_statements": 4, "percent_covered": 100.0, "percent_covered_display": "100", "missing_lines": 0, "excluded_lines": 0}, "missing_lines": [], "excluded_lines": []}, "SemanticRetriever.search_by_metadata": {"executed_lines": [171, 173, 175, 178, 186, 187, 190, 191, 192, 194, 195, 201, 203, 204, 205], "summary": {"covered_lines": 15, "num_statements": 15, "percent_covered": 100.0, "percent_covered_display": "100", "missing_lines": 0, "excluded_lines": 0}, "missing_lines": [], "excluded_lines": []}, "SemanticRetriever.get_similar_documents": {"executed_lines": [223, 225, 227, 228, 229, 230, 231, 232, 233, 235], "summary": {"covered_lines": 10, "num_statements": 10, "percent_covered": 100.0, "percent_covered_display": "100", "missing_lines": 0, "excluded_lines": 0}, "missing_lines": [], "excluded_lines": []}, "SemanticRetriever.get_retriever_info": {"executed_lines": [243, 244, 246], "summary": {"covered_lines": 3, "num_statements": 3, "percent_covered": 100.0, "percent_covered_display": "100", "missing_lines": 0, "excluded_lines": 0}, "missing_lines": [], "excluded_lines": []}, "SemanticRetriever.set_default_collection": {"executed_lines": [263, 264, 265, 266, 268, 269], "summary": {"covered_lines": 6, "num_statements": 6, "percent_covered": 100.0, "percent_covered_display": "100", "missing_lines": 0, "excluded_lines": 0}, "missing_lines": [], "excluded_lines": []}, "SemanticRetriever.health_check": {"executed_lines": [277, 283, 284, 287, 288, 289, 290, 291, 292, 295, 296, 297, 298, 299, 300, 302, 303, 305], "summary": {"covered_lines": 18, "num_statements": 18, "percent_covered": 100.0, "percent_covered_display": "100", "missing_lines": 0, "excluded_lines": 0}, "missing_lines": [], "excluded_lines": []}, "": {"executed_lines": [2, 10, 11, 12, 13, 15, 22, 23, 26, 27, 28, 29, 30, 31, 34, 35, 37, 59, 67, 130, 157, 207, 237, 254, 271], "summary": {"covered_lines": 22, "num_statements": 22, "percent_covered": 100.0, "percent_covered_display": "100", "missing_lines": 0, "excluded_lines": 0}, "missing_lines": [], "excluded_lines": []}}, "classes": {"RetrievalResult": {"executed_lines": [], "summary": {"covered_lines": 0, "num_statements": 0, "percent_covered": 100.0, "percent_covered_display": "100", "missing_lines": 0, "excluded_lines": 0}, "missing_lines": [], "excluded_lines": []}, "SemanticRetriever": {"executed_lines": [48, 49, 52, 53, 56, 57, 61, 62, 63, 64, 65, 85, 86, 88, 90, 92, 95, 103, 104, 107, 108, 109, 110, 112, 114, 116, 117, 123, 124, 126, 127, 128, 147, 149, 150, 155, 171, 173, 175, 178, 186, 187, 190, 191, 192, 194, 195, 201, 203, 204, 205, 223, 225, 227, 228, 229, 230, 231, 232, 233, 235, 243, 244, 246, 263, 264, 265, 266, 268, 269, 277, 283, 284, 287, 288, 289, 290, 291, 292, 295, 296, 297, 298, 299, 300, 302, 303, 305], "summary": {"covered_lines": 88, "num_statements": 88, "percent_covered": 100.0, "percent_covered_display": "100", "missing_lines": 0, "excluded_lines": 0}, "missing_lines": [], "excluded_lines": []}, "": {"executed_lines": [2, 10, 11, 12, 13, 15, 22, 23, 26, 27, 28, 29, 30, 31, 34, 35, 37, 59, 67, 130, 157, 207, 237, 254, 271], "summary": {"covered_lines": 22, "num_statements": 22, "percent_covered": 100.0, "percent_covered_display": "100", "missing_lines": 0, "excluded_lines": 0}, "missing_lines": [], "excluded_lines": []}}}, "src/retrieval/vector_store.py": {"executed_lines": [2, 9, 10, 11, 12, 13, 15, 16, 17, 18, 23, 24, 26, 32, 33, 36, 41, 43, 54, 55, 56, 57, 58, 59, 62, 63, 64, 66, 71, 72, 74, 83, 84, 85, 86, 87, 89, 98, 99, 100, 101, 102, 103, 104, 106, 112, 113, 114, 119, 128, 129, 130, 135, 136, 138, 156, 157, 158, 159, 160, 162, 169, 170, 176, 194, 195, 196, 197, 198, 201, 202, 204, 211, 217, 235, 236, 237, 238, 239, 241, 248, 249, 255, 265, 266, 267, 268, 269, 271, 273, 274, 280, 290, 291, 292, 293, 295, 296, 298, 299, 300, 302, 311, 312, 313, 314, 316, 317, 319, 325, 331, 332, 338, 339, 340, 342], "summary": {"covered_lines": 114, "num_statements": 134, "percent_covered": 85.07462686567165, "percent_covered_display": "85", "missing_lines": 20, "excluded_lines": 0}, "missing_lines": [19, 20, 115, 116, 117, 172, 173, 174, 213, 214, 215, 251, 252, 253, 276, 277, 278, 321, 322, 323], "excluded_lines": [], "functions": {"VectorStore.__init__": {"executed_lines": [32, 33, 36, 41], "summary": {"covered_lines": 4, "num_statements": 4, "percent_covered": 100.0, "percent_covered_display": "100", "missing_lines": 0, "excluded_lines": 0}, "missing_lines": [], "excluded_lines": []}, "VectorStore.create_collection": {"executed_lines": [54, 55, 56, 57, 58, 59, 62, 63, 64, 66, 71, 72], "summary": {"covered_lines": 12, "num_statements": 12, "percent_covered": 100.0, "percent_covered_display": "100", "missing_lines": 0, "excluded_lines": 0}, "missing_lines": [], "excluded_lines": []}, "VectorStore.get_collection": {"executed_lines": [83, 84, 85, 86, 87], "summary": {"covered_lines": 5, "num_statements": 5, "percent_covered": 100.0, "percent_covered_display": "100", "missing_lines": 0, "excluded_lines": 0}, "missing_lines": [], "excluded_lines": []}, "VectorStore.delete_collection": {"executed_lines": [98, 99, 100, 101, 102, 103, 104], "summary": {"covered_lines": 7, "num_statements": 7, "percent_covered": 100.0, "percent_covered_display": "100", "missing_lines": 0, "excluded_lines": 0}, "missing_lines": [], "excluded_lines": []}, "VectorStore.list_collections": {"executed_lines": [112, 113, 114], "summary": {"covered_lines": 3, "num_statements": 6, "percent_covered": 50.0, "percent_covered_display": "50", "missing_lines": 3, "excluded_lines": 0}, "missing_lines": [115, 116, 117], "excluded_lines": []}, "VectorStore.get_collection_info": {"executed_lines": [128, 129, 130, 135, 136], "summary": {"covered_lines": 5, "num_statements": 5, "percent_covered": 100.0, "percent_covered_display": "100", "missing_lines": 0, "excluded_lines": 0}, "missing_lines": [], "excluded_lines": []}, "VectorStore.add_documents": {"executed_lines": [156, 157, 158, 159, 160, 162, 169, 170], "summary": {"covered_lines": 8, "num_statements": 11, "percent_covered": 72.72727272727273, "percent_covered_display": "73", "missing_lines": 3, "excluded_lines": 0}, "missing_lines": [172, 173, 174], "excluded_lines": []}, "VectorStore.query_collection": {"executed_lines": [194, 195, 196, 197, 198, 201, 202, 204, 211], "summary": {"covered_lines": 9, "num_statements": 12, "percent_covered": 75.0, "percent_covered_display": "75", "missing_lines": 3, "excluded_lines": 0}, "missing_lines": [213, 214, 215], "excluded_lines": []}, "VectorStore.update_documents": {"executed_lines": [235, 236, 237, 238, 239, 241, 248, 249], "summary": {"covered_lines": 8, "num_statements": 11, "percent_covered": 72.72727272727273, "percent_covered_display": "73", "missing_lines": 3, "excluded_lines": 0}, "missing_lines": [251, 252, 253], "excluded_lines": []}, "VectorStore.delete_documents": {"executed_lines": [265, 266, 267, 268, 269, 271, 273, 274], "summary": {"covered_lines": 8, "num_statements": 11, "percent_covered": 72.72727272727273, "percent_covered_display": "73", "missing_lines": 3, "excluded_lines": 0}, "missing_lines": [276, 277, 278], "excluded_lines": []}, "VectorStore.save_build_metadata": {"executed_lines": [290, 291, 292, 293, 295, 296, 298, 299, 300], "summary": {"covered_lines": 9, "num_statements": 9, "percent_covered": 100.0, "percent_covered_display": "100", "missing_lines": 0, "excluded_lines": 0}, "missing_lines": [], "excluded_lines": []}, "VectorStore.load_build_metadata": {"executed_lines": [311, 312, 313, 314, 316, 317, 319], "summary": {"covered_lines": 7, "num_statements": 10, "percent_covered": 70.0, "percent_covered_display": "70", "missing_lines": 3, "excluded_lines": 0}, "missing_lines": [321, 322, 323], "excluded_lines": []}, "VectorStore.get_database_info": {"executed_lines": [331, 332, 338, 339, 340, 342], "summary": {"covered_lines": 6, "num_statements": 6, "percent_covered": 100.0, "percent_covered_display": "100", "missing_lines": 0, "excluded_lines": 0}, "missing_lines": [], "excluded_lines": []}, "": {"executed_lines": [2, 9, 10, 11, 12, 13, 15, 16, 17, 18, 23, 24, 26, 43, 74, 89, 106, 119, 138, 176, 217, 255, 280, 302, 325], "summary": {"covered_lines": 23, "num_statements": 25, "percent_covered": 92.0, "percent_covered_display": "92", "missing_lines": 2, "excluded_lines": 0}, "missing_lines": [19, 20], "excluded_lines": []}}, "classes": {"VectorStore": {"executed_lines": [32, 33, 36, 41, 54, 55, 56, 57, 58, 59, 62, 63, 64, 66, 71, 72, 83, 84, 85, 86, 87, 98, 99, 100, 101, 102, 103, 104, 112, 113, 114, 128, 129, 130, 135, 136, 156, 157, 158, 159, 160, 162, 169, 170, 194, 195, 196, 197, 198, 201, 202, 204, 211, 235, 236, 237, 238, 239, 241, 248, 249, 265, 266, 267, 268, 269, 271, 273, 274, 290, 291, 292, 293, 295, 296, 298, 299, 300, 311, 312, 313, 314, 316, 317, 319, 331, 332, 338, 339, 340, 342], "summary": {"covered_lines": 91, "num_statements": 109, "percent_covered": 83.4862385321101, "percent_covered_display": "83", "missing_lines": 18, "excluded_lines": 0}, "missing_lines": [115, 116, 117, 172, 173, 174, 213, 214, 215, 251, 252, 253, 276, 277, 278, 321, 322, 323], "excluded_lines": []}, "": {"executed_lines": [2, 9, 10, 11, 12, 13, 15, 16, 17, 18, 23, 24, 26, 43, 74, 89, 106, 119, 138, 176, 217, 255, 280, 302, 325], "summary": {"covered_lines": 23, "num_statements": 25, "percent_covered": 92.0, "percent_covered_display": "92", "missing_lines": 2, "excluded_lines": 0}, "missing_lines": [19, 20], "excluded_lines": []}}}, "src/utils/__init__.py": {"executed_lines": [1, 3, 4, 23], "summary": {"covered_lines": 3, "num_statements": 3, "percent_covered": 100.0, "percent_covered_display": "100", "missing_lines": 0, "excluded_lines": 0}, "missing_lines": [], "excluded_lines": [], "functions": {"": {"executed_lines": [1, 3, 4, 23], "summary": {"covered_lines": 3, "num_statements": 3, "percent_covered": 100.0, "percent_covered_display": "100", "missing_lines": 0, "excluded_lines": 0}, "missing_lines": [], "excluded_lines": []}}, "classes": {"": {"executed_lines": [1, 3, 4, 23], "summary": {"covered_lines": 3, "num_statements": 3, "percent_covered": 100.0, "percent_covered_display": "100", "missing_lines": 0, "excluded_lines": 0}, "missing_lines": [], "excluded_lines": []}}}, "src/utils/config.py": {"executed_lines": [2, 9, 10, 11, 14, 25, 26, 27, 28, 29, 30, 31, 32, 36, 37, 40, 42, 45, 47, 48, 49, 50, 51, 52, 55, 57, 58, 59, 65, 67, 68, 73, 74, 75, 76, 79, 80, 81, 82, 85, 86, 89, 90, 91, 94, 95, 96, 97, 100, 101, 102, 103, 104, 105, 108, 109, 110, 111, 114, 115, 116, 117, 120, 121, 122, 125, 126, 127, 132, 134, 136, 139, 142, 153, 168, 174, 177, 182, 184, 189, 192, 196, 199, 202, 206, 208, 209, 210, 211, 212, 213, 214, 215, 218, 230, 231], "summary": {"covered_lines": 95, "num_statements": 117, "percent_covered": 81.19658119658119, "percent_covered_display": "81", "missing_lines": 22, "excluded_lines": 0}, "missing_lines": [33, 34, 60, 61, 62, 135, 137, 144, 155, 178, 179, 185, 186, 190, 193, 197, 200, 203, 220, 222, 232, 233], "excluded_lines": [], "functions": {"read_env_variable": {"executed_lines": [25, 26, 27, 28, 29, 30, 31, 32, 36, 37], "summary": {"covered_lines": 10, "num_statements": 12, "percent_covered": 83.33333333333333, "percent_covered_display": "83", "missing_lines": 2, "excluded_lines": 0}, "missing_lines": [33, 34], "excluded_lines": []}, "str_to_bool": {"executed_lines": [42], "summary": {"covered_lines": 1, "num_statements": 1, "percent_covered": 100.0, "percent_covered_display": "100", "missing_lines": 0, "excluded_lines": 0}, "missing_lines": [], "excluded_lines": []}, "get_env_int": {"executed_lines": [47, 48, 49, 50, 51, 52], "summary": {"covered_lines": 6, "num_statements": 6, "percent_covered": 100.0, "percent_covered_display": "100", "missing_lines": 0, "excluded_lines": 0}, "missing_lines": [], "excluded_lines": []}, "get_env_float": {"executed_lines": [57, 58, 59], "summary": {"covered_lines": 3, "num_statements": 6, "percent_covered": 50.0, "percent_covered_display": "50", "missing_lines": 3, "excluded_lines": 0}, "missing_lines": [60, 61, 62], "excluded_lines": []}, "get_env_bool": {"executed_lines": [67, 68], "summary": {"covered_lines": 2, "num_statements": 2, "percent_covered": 100.0, "percent_covered_display": "100", "missing_lines": 0, "excluded_lines": 0}, "missing_lines": [], "excluded_lines": []}, "get_active_model_info": {"executed_lines": [134, 136, 139], "summary": {"covered_lines": 3, "num_statements": 5, "percent_covered": 60.0, "percent_covered_display": "60", "missing_lines": 2, "excluded_lines": 0}, "missing_lines": [135, 137], "excluded_lines": []}, "get_chunking_config": {"executed_lines": [], "summary": {"covered_lines": 0, "num_statements": 1, "percent_covered": 0.0, "percent_covered_display": "0", "missing_lines": 1, "excluded_lines": 0}, "missing_lines": [144], "excluded_lines": []}, "get_vector_db_config_dict": {"executed_lines": [], "summary": {"covered_lines": 0, "num_statements": 1, "percent_covered": 0.0, "percent_covered_display": "0", "missing_lines": 1, "excluded_lines": 0}, "missing_lines": [155], "excluded_lines": []}, "validate_config": {"executed_lines": [174, 177, 182, 184, 189, 192, 196, 199, 202], "summary": {"covered_lines": 9, "num_statements": 18, "percent_covered": 50.0, "percent_covered_display": "50", "missing_lines": 9, "excluded_lines": 0}, "missing_lines": [178, 179, 185, 186, 190, 193, 197, 200, 203], "excluded_lines": []}, "print_config_summary": {"executed_lines": [208, 209, 210, 211, 212, 213, 214, 215], "summary": {"covered_lines": 8, "num_statements": 8, "percent_covered": 100.0, "percent_covered_display": "100", "missing_lines": 0, "excluded_lines": 0}, "missing_lines": [], "excluded_lines": []}, "initialize_logging": {"executed_lines": [], "summary": {"covered_lines": 0, "num_statements": 2, "percent_covered": 0.0, "percent_covered_display": "0", "missing_lines": 2, "excluded_lines": 0}, "missing_lines": [220, 222], "excluded_lines": []}, "": {"executed_lines": [2, 9, 10, 11, 14, 40, 45, 55, 65, 73, 74, 75, 76, 79, 80, 81, 82, 85, 86, 89, 90, 91, 94, 95, 96, 97, 100, 101, 102, 103, 104, 105, 108, 109, 110, 111, 114, 115, 116, 117, 120, 121, 122, 125, 126, 127, 132, 142, 153, 168, 206, 218, 230, 231], "summary": {"covered_lines": 53, "num_statements": 55, "percent_covered": 96.36363636363636, "percent_covered_display": "96", "missing_lines": 2, "excluded_lines": 0}, "missing_lines": [232, 233], "excluded_lines": []}}, "classes": {"": {"executed_lines": [2, 9, 10, 11, 14, 25, 26, 27, 28, 29, 30, 31, 32, 36, 37, 40, 42, 45, 47, 48, 49, 50, 51, 52, 55, 57, 58, 59, 65, 67, 68, 73, 74, 75, 76, 79, 80, 81, 82, 85, 86, 89, 90, 91, 94, 95, 96, 97, 100, 101, 102, 103, 104, 105, 108, 109, 110, 111, 114, 115, 116, 117, 120, 121, 122, 125, 126, 127, 132, 134, 136, 139, 142, 153, 168, 174, 177, 182, 184, 189, 192, 196, 199, 202, 206, 208, 209, 210, 211, 212, 213, 214, 215, 218, 230, 231], "summary": {"covered_lines": 95, "num_statements": 117, "percent_covered": 81.19658119658119, "percent_covered_display": "81", "missing_lines": 22, "excluded_lines": 0}, "missing_lines": [33, 34, 60, 61, 62, 135, 137, 144, 155, 178, 179, 185, 186, 190, 193, 197, 200, 203, 220, 222, 232, 233], "excluded_lines": []}}}, "src/utils/logger.py": {"executed_lines": [1, 4, 5, 6, 7, 9, 10, 13, 107, 113, 114, 115, 116], "summary": {"covered_lines": 12, "num_statements": 42, "percent_covered": 28.571428571428573, "percent_covered_display": "29", "missing_lines": 30, "excluded_lines": 0}, "missing_lines": [26, 29, 30, 31, 34, 41, 42, 53, 54, 56, 59, 60, 61, 62, 64, 68, 69, 70, 73, 74, 75, 76, 77, 78, 81, 88, 89, 94, 99, 109], "excluded_lines": [], "functions": {"configure_logging": {"executed_lines": [], "summary": {"covered_lines": 0, "num_statements": 29, "percent_covered": 0.0, "percent_covered_display": "0", "missing_lines": 29, "excluded_lines": 0}, "missing_lines": [26, 29, 30, 31, 34, 41, 42, 53, 54, 56, 59, 60, 61, 62, 64, 68, 69, 70, 73, 74, 75, 76, 77, 78, 81, 88, 89, 94, 99], "excluded_lines": []}, "get_logger": {"executed_lines": [], "summary": {"covered_lines": 0, "num_statements": 1, "percent_covered": 0.0, "percent_covered_display": "0", "missing_lines": 1, "excluded_lines": 0}, "missing_lines": [109], "excluded_lines": []}, "": {"executed_lines": [1, 4, 5, 6, 7, 9, 10, 13, 107, 113, 114, 115, 116], "summary": {"covered_lines": 12, "num_statements": 12, "percent_covered": 100.0, "percent_covered_display": "100", "missing_lines": 0, "excluded_lines": 0}, "missing_lines": [], "excluded_lines": []}}, "classes": {"": {"executed_lines": [1, 4, 5, 6, 7, 9, 10, 13, 107, 113, 114, 115, 116], "summary": {"covered_lines": 12, "num_statements": 42, "percent_covered": 28.571428571428573, "percent_covered_display": "29", "missing_lines": 30, "excluded_lines": 0}, "missing_lines": [26, 29, 30, 31, 34, 41, 42, 53, 54, 56, 59, 60, 61, 62, 64, 68, 69, 70, 73, 74, 75, 76, 77, 78, 81, 88, 89, 94, 99, 109], "excluded_lines": []}}}}, "totals": {"covered_lines": 978, "num_statements": 1247, "percent_covered": 78.42822774659182, "percent_covered_display": "78", "missing_lines": 269, "excluded_lines": 0}}